<?xml version="1.0" encoding="UTF-8"?>
<testng-results ignored="0" total="1" passed="1" failed="0" skipped="0">
  <reporter-output>
  </reporter-output>
  <suite started-at="2022-07-27T11:51:12 IST" name="Default suite" finished-at="2022-07-27T11:51:15 IST" duration-ms="2810">
    <groups>
    </groups>
    <test started-at="2022-07-27T11:51:12 IST" name="Default test" finished-at="2022-07-27T11:51:15 IST" duration-ms="2810">
      <class name="com.test.RandomTest">
        <test-method signature="test1()[pri:0, instance:com.test.RandomTest@4e096385]" started-at="2022-07-27T11:51:12 IST" name="test1" finished-at="2022-07-27T11:51:15 IST" duration-ms="2763" status="PASS">
          <reporter-output>
          </reporter-output>
        </test-method> <!-- test1 -->
      </class> <!-- com.test.RandomTest -->
    </test> <!-- Default test -->
  </suite> <!-- Default suite -->
</testng-results>
